c:\работа\acproject\vc2015\arxproject1\arxproject1\x64\debug\myasm.obj
c:\работа\acproject\vc2015\arxproject1\arxproject1\x64\debug\arxproject1.pch
c:\работа\acproject\vc2015\arxproject1\arxproject1\x64\debug\vc140.pdb
c:\работа\acproject\vc2015\arxproject1\arxproject1\x64\debug\vc140.idb
c:\работа\acproject\vc2015\arxproject1\arxproject1\x64\debug\stdafx.obj
c:\работа\acproject\vc2015\arxproject1\arxproject1\x64\debug\mydialog1.obj
c:\работа\acproject\vc2015\arxproject1\arxproject1\x64\debug\mygetcolor2.obj
c:\работа\acproject\vc2015\arxproject1\arxproject1\x64\debug\myloadkeys.obj
c:\работа\acproject\vc2015\arxproject1\arxproject1\x64\debug\myprotoproc.obj
c:\работа\acproject\vc2015\arxproject1\arxproject1\x64\debug\mysimpleproc.obj
c:\работа\acproject\vc2015\arxproject1\arxproject1\x64\debug\selprof.obj
c:\работа\acproject\vc2015\arxproject1\arxproject1\x64\debug\svaynpoledlg.obj
c:\работа\acproject\vc2015\arxproject1\arxproject1\x64\debug\tadsname.obj
c:\работа\acproject\vc2015\arxproject1\arxproject1\x64\debug\tmaradsname.obj
c:\работа\acproject\vc2015\arxproject1\arxproject1\x64\debug\tmararadsname.obj
c:\работа\acproject\vc2015\arxproject1\arxproject1\x64\debug\tmdocument.obj
c:\работа\acproject\vc2015\arxproject1\arxproject1\x64\debug\tmmatdata.obj
c:\работа\acproject\vc2015\arxproject1\arxproject1\x64\debug\tmnagrdata.obj
c:\работа\acproject\vc2015\arxproject1\arxproject1\x64\debug\tmnagruski.obj
c:\работа\acproject\vc2015\arxproject1\arxproject1\x64\debug\tmparamarray.obj
c:\работа\acproject\vc2015\arxproject1\arxproject1\x64\debug\tmparamcalc.obj
c:\работа\acproject\vc2015\arxproject1\arxproject1\x64\debug\tmpole.obj
c:\работа\acproject\vc2015\arxproject1\arxproject1\x64\debug\tmprofdata.obj
c:\работа\acproject\vc2015\arxproject1\arxproject1\x64\debug\tmscaddata.obj
c:\работа\acproject\vc2015\arxproject1\arxproject1\x64\debug\tmspecdata.obj
c:\работа\acproject\vc2015\arxproject1\arxproject1\x64\debug\dlgselectlist.obj
c:\работа\acproject\vc2015\arxproject1\arxproject1\x64\debug\dlgselmarkelem.obj
c:\работа\acproject\vc2015\arxproject1\arxproject1\x64\debug\dlgselmat.obj
c:\работа\acproject\vc2015\arxproject1\arxproject1\x64\debug\dlgselmaterial.obj
c:\работа\acproject\vc2015\arxproject1\arxproject1\x64\debug\dlgselprof.obj
c:\работа\acproject\vc2015\arxproject1\arxproject1\x64\debug\dlgselproj.obj
c:\работа\acproject\vc2015\arxproject1\arxproject1\x64\debug\dlgselsheet.obj
c:\работа\acproject\vc2015\arxproject1\arxproject1\x64\debug\dlgselspec.obj
c:\работа\acproject\vc2015\arxproject1\arxproject1\x64\debug\docdata.obj
c:\работа\acproject\vc2015\arxproject1\arxproject1\x64\debug\fundsvayige.obj
c:\работа\acproject\vc2015\arxproject1\arxproject1\x64\debug\hddinfo.obj
c:\работа\acproject\vc2015\arxproject1\arxproject1\x64\debug\mcalculator1.obj
c:\работа\acproject\vc2015\arxproject1\arxproject1\x64\debug\mconfsale.obj
c:\работа\acproject\vc2015\arxproject1\arxproject1\x64\debug\melems.obj
c:\работа\acproject\vc2015\arxproject1\arxproject1\x64\debug\melemscollection.obj
c:\работа\acproject\vc2015\arxproject1\arxproject1\x64\debug\melemsdouble.obj
c:\работа\acproject\vc2015\arxproject1\arxproject1\x64\debug\melemsstring.obj
c:\работа\acproject\vc2015\arxproject1\arxproject1\x64\debug\mfunction1.obj
c:\работа\acproject\vc2015\arxproject1\arxproject1\x64\debug\mycommands.obj
c:\работа\acproject\vc2015\arxproject1\arxproject1\x64\debug\mydialog.obj
c:\работа\acproject\vc2015\arxproject1\arxproject1\x64\debug\acdbmleaderjig.obj
c:\работа\acproject\vc2015\arxproject1\arxproject1\x64\debug\acrxentrypoint.obj
c:\работа\acproject\vc2015\arxproject1\arxproject1\x64\debug\arxproject1.obj
c:\работа\acproject\vc2015\arxproject1\arxproject1\x64\debug\asdkmultijig.obj
c:\работа\acproject\vc2015\arxproject1\arxproject1\x64\debug\asdkmultijigproto.obj
c:\работа\acproject\vc2015\arxproject1\arxproject1\x64\debug\blockjig.obj
c:\работа\acproject\vc2015\arxproject1\arxproject1\x64\debug\dlgdefschema.obj
c:\работа\acproject\vc2015\arxproject1\arxproject1\x64\debug\dlggetlistval.obj
c:\работа\acproject\vc2015\arxproject1\arxproject1\x64\debug\dlggetrasklad.obj
c:\работа\acproject\vc2015\arxproject1\arxproject1\x64\debug\dlggetstring.obj
c:\работа\acproject\vc2015\arxproject1\arxproject1\x64\debug\dlgproto.obj
c:\работа\acproject\vc2015\arxproject1\arxproject1\x64\debug\dlgseldelimit.obj
c:\работа\acproject\vc2015\arxproject1\arxproject1\x64\debug\arxproject1.tlog\arxproject1.write.1u.tlog
c:\работа\acproject\vc2015\arxproject1\arxproject1\x64\debug\arxproject1.tlog\cl.command.1.tlog
c:\работа\acproject\vc2015\arxproject1\arxproject1\x64\debug\arxproject1.tlog\cl.read.1.tlog
c:\работа\acproject\vc2015\arxproject1\arxproject1\x64\debug\arxproject1.tlog\cl.write.1.tlog
c:\работа\acproject\vc2015\arxproject1\arxproject1\x64\debug\arxproject1.tlog\rc.command.1.tlog
c:\работа\acproject\vc2015\arxproject1\arxproject1\x64\debug\arxproject1.tlog\rc.read.1.tlog
c:\работа\acproject\vc2015\arxproject1\arxproject1\x64\debug\arxproject1.tlog\rc.write.1.tlog
