c:\github\source\vs2017(c++)ac2020\arxproject1\arxproject1\x64\debug\arxproject1.lib
c:\github\source\vs2017(c++)ac2020\arxproject1\arxproject1\x64\debug\arxproject1.exp
c:\github\source\vs2017(c++)ac2020\arxproject1\arxproject1\x64\debug\arxproject1.pch
c:\github\source\vs2017(c++)ac2020\arxproject1\arxproject1\x64\debug\arxproject1.pdb
c:\github\source\vs2017(c++)ac2020\arxproject1\arxproject1\x64\debug\stdafx.obj
c:\github\source\vs2017(c++)ac2020\arxproject1\arxproject1\x64\debug\docdata.obj
c:\github\source\vs2017(c++)ac2020\arxproject1\arxproject1\x64\debug\arxproject1.obj
c:\github\source\vs2017(c++)ac2020\arxproject1\arxproject1\x64\debug\acrxentrypoint.obj
c:\github\source\vs2017(c++)ac2020\arxproject1\x64\debug\arxproject1.arx
c:\github\source\vs2017(c++)ac2020\arxproject1\x64\debug\arxproject1.pdb
c:\github\source\vs2017(c++)ac2020\arxproject1\arxproject1\x64\debug\arxproject1.res
c:\github\source\vs2017(c++)ac2020\arxproject1\arxproject1\x64\debug\arxproject1.vcxprojassemblyreference.cache
c:\github\source\vs2017(c++)ac2020\arxproject1\arxproject1\x64\debug\arxproject1.tlog\arxproject1.write.1u.tlog
c:\github\source\vs2017(c++)ac2020\arxproject1\arxproject1\x64\debug\arxproject1.tlog\cl.command.1.tlog
c:\github\source\vs2017(c++)ac2020\arxproject1\arxproject1\x64\debug\arxproject1.tlog\cl.read.1.tlog
c:\github\source\vs2017(c++)ac2020\arxproject1\arxproject1\x64\debug\arxproject1.tlog\cl.write.1.tlog
c:\github\source\vs2017(c++)ac2020\arxproject1\arxproject1\x64\debug\arxproject1.tlog\link.command.1.tlog
c:\github\source\vs2017(c++)ac2020\arxproject1\arxproject1\x64\debug\arxproject1.tlog\link.read.1.tlog
c:\github\source\vs2017(c++)ac2020\arxproject1\arxproject1\x64\debug\arxproject1.tlog\link.write.1.tlog
c:\github\source\vs2017(c++)ac2020\arxproject1\arxproject1\x64\debug\arxproject1.tlog\rc.command.1.tlog
c:\github\source\vs2017(c++)ac2020\arxproject1\arxproject1\x64\debug\arxproject1.tlog\rc.read.1.tlog
c:\github\source\vs2017(c++)ac2020\arxproject1\arxproject1\x64\debug\arxproject1.tlog\rc.write.1.tlog
